  [1m[35m (18.6ms)[0m  [1m[35mSET NAMES utf8,  @@SESSION.sql_mode = CONCAT(CONCAT(@@sql_mode, ',STRICT_ALL_TABLES'), ',NO_AUTO_VALUE_ON_ZERO'),  @@SESSION.sql_auto_is_null = 0, @@SESSION.wait_timeout = 2147483[0m
  [1m[35m (7.5ms)[0m  [1m[35mCREATE DATABASE `chat_app_development` DEFAULT CHARACTER SET `utf8`[0m
  [1m[35m (0.2ms)[0m  [1m[35mSET NAMES utf8,  @@SESSION.sql_mode = CONCAT(CONCAT(@@sql_mode, ',STRICT_ALL_TABLES'), ',NO_AUTO_VALUE_ON_ZERO'),  @@SESSION.sql_auto_is_null = 0, @@SESSION.wait_timeout = 2147483[0m
  [1m[35m (2.1ms)[0m  [1m[35mCREATE DATABASE `chat_app_test` DEFAULT CHARACTER SET `utf8`[0m
Started GET "/" for ::1 at 2021-03-16 11:03:38 +0900
  [1m[35m (27.4ms)[0m  [1m[35mSET NAMES utf8,  @@SESSION.sql_mode = CONCAT(CONCAT(@@sql_mode, ',STRICT_ALL_TABLES'), ',NO_AUTO_VALUE_ON_ZERO'),  @@SESSION.sql_auto_is_null = 0, @@SESSION.wait_timeout = 2147483[0m
Processing by MessagesController#index as HTML
  Rendering messages/index.html.erb within layouts/application
  Rendered messages/index.html.erb within layouts/application (Duration: 1.1ms | Allocations: 375)
[Webpacker] Compiling...
[Webpacker] Compiled all packs in /Users/yoshiokayuuka/projects/chat-app/public/packs
[Webpacker] Hash: ef270c56fa66020c9089
Version: webpack 4.46.0
Time: 1559ms
Built at: 2021/03/16 11:03:41
                                     Asset       Size       Chunks                         Chunk Names
    js/application-e88c6c3304a15e6886b6.js    124 KiB  application  [emitted] [immutable]  application
js/application-e88c6c3304a15e6886b6.js.map    139 KiB  application  [emitted] [dev]        application
                             manifest.json  364 bytes               [emitted]              
Entrypoint application = js/application-e88c6c3304a15e6886b6.js js/application-e88c6c3304a15e6886b6.js.map
[./app/javascript/channels sync recursive _channel\.js$] ./app/javascript/channels sync _channel\.js$ 160 bytes {application} [built]
[./app/javascript/channels/index.js] 211 bytes {application} [built]
[./app/javascript/packs/application.js] 749 bytes {application} [built]
[./node_modules/webpack/buildin/module.js] (webpack)/buildin/module.js 552 bytes {application} [built]
    + 3 hidden modules

Completed 200 OK in 3483ms (Views: 3476.3ms | ActiveRecord: 0.0ms | Allocations: 1458469)


